# JRE version: OpenJDK Runtime Environment (11.0.2+9) (build 11.0.2+9)
# Java VM: OpenJDK 64-Bit Server VM (11.0.2+9, mixed mode, tiered, compressed oops, g1 gc, windows-amd64)
Heap:
 garbage-first heap   total 206848K, used 7224K [0x0000000081a00000, 0x0000000100000000)
  region size 1024K, 4 young (4096K), 2 survivors (2048K)
 Metaspace       used 13746K, capacity 13959K, committed 14208K, reserved 1062912K
  class space    used 1265K, capacity 1334K, committed 1408K, reserved 1048576K
GC Heap History (10 events):
Event: 18.567 GC heap before
{Heap before GC invocations=48 (full 0):
 garbage-first heap   total 206848K, used 126792K [0x0000000081a00000, 0x0000000100000000)
  region size 1024K, 121 young (123904K), 1 survivors (1024K)
 Metaspace       used 10805K, capacity 10926K, committed 11008K, reserved 1058816K
  class space    used 945K, capacity 997K, committed 1024K, reserved 1048576K
}
Event: 18.568 GC heap after
{Heap after GC invocations=49 (full 0):
 garbage-first heap   total 206848K, used 3925K [0x0000000081a00000, 0x0000000100000000)
  region size 1024K, 1 young (1024K), 1 survivors (1024K)
 Metaspace       used 10805K, capacity 10926K, committed 11008K, reserved 1058816K
  class space    used 945K, capacity 997K, committed 1024K, reserved 1048576K
}
Event: 18.672 GC heap before
{Heap before GC invocations=49 (full 0):
 garbage-first heap   total 206848K, used 126805K [0x0000000081a00000, 0x0000000100000000)
  region size 1024K, 121 young (123904K), 1 survivors (1024K)
 Metaspace       used 10805K, capacity 10926K, committed 11008K, reserved 1058816K
  class space    used 945K, capacity 997K, committed 1024K, reserved 1048576K
}
Event: 18.672 GC heap after
{Heap after GC invocations=50 (full 0):
 garbage-first heap   total 206848K, used 3928K [0x0000000081a00000, 0x0000000100000000)
  region size 1024K, 1 young (1024K), 1 survivors (1024K)
 Metaspace       used 10805K, capacity 10926K, committed 11008K, reserved 1058816K
  class space    used 945K, capacity 997K, committed 1024K, reserved 1048576K
}
Event: 21.697 GC heap before
{Heap before GC invocations=50 (full 0):
 garbage-first heap   total 206848K, used 155480K [0x0000000081a00000, 0x0000000100000000)
  region size 1024K, 121 young (123904K), 1 survivors (1024K)
 Metaspace       used 13609K, capacity 13831K, committed 13952K, reserved 1062912K
  class space    used 1261K, capacity 1334K, committed 1408K, reserved 1048576K
}
Event: 21.698 GC heap after
{Heap after GC invocations=51 (full 0):
 garbage-first heap   total 206848K, used 5658K [0x0000000081a00000, 0x0000000100000000)
  region size 1024K, 1 young (1024K), 1 survivors (1024K)
 Metaspace       used 13609K, capacity 13831K, committed 13952K, reserved 1062912K
  class space    used 1261K, capacity 1334K, committed 1408K, reserved 1048576K
}
Event: 30.994 GC heap before
{Heap before GC invocations=51 (full 0):
 garbage-first heap   total 206848K, used 199194K [0x0000000081a00000, 0x0000000100000000)
  region size 1024K, 105 young (107520K), 1 survivors (1024K)
 Metaspace       used 13651K, capacity 13831K, committed 13952K, reserved 1062912K
  class space    used 1261K, capacity 1334K, committed 1408K, reserved 1048576K
}
Event: 30.996 GC heap after
{Heap after GC invocations=52 (full 0):
 garbage-first heap   total 206848K, used 5118K [0x0000000081a00000, 0x0000000100000000)
  region size 1024K, 2 young (2048K), 2 survivors (2048K)
 Metaspace       used 13651K, capacity 13831K, committed 13952K, reserved 1062912K
  class space    used 1261K, capacity 1334K, committed 1408K, reserved 1048576K
}
Event: 44.412 GC heap before
{Heap before GC invocations=53 (full 0):
 garbage-first heap   total 206848K, used 199678K [0x0000000081a00000, 0x0000000100000000)
  region size 1024K, 106 young (108544K), 2 survivors (2048K)
 Metaspace       used 13745K, capacity 13959K, committed 14208K, reserved 1062912K
  class space    used 1265K, capacity 1334K, committed 1408K, reserved 1048576K
}
Event: 44.414 GC heap after
{Heap after GC invocations=54 (full 0):
 garbage-first heap   total 206848K, used 5176K [0x0000000081a00000, 0x0000000100000000)
  region size 1024K, 2 young (2048K), 2 survivors (2048K)
 Metaspace       used 13745K, capacity 13959K, committed 14208K, reserved 1062912K
  class space    used 1265K, capacity 1334K, committed 1408K, reserved 1048576K
}

